<?xml version="1.0" encoding="UTF-8"?>
<!-- Generated by org.testng.reporters.JUnitReportReporter -->
<testsuite skipped="0" hostname="DESKTOP-C4GOGT3" name="com.pncbank.TestCases.TC_AddCustomerTest_003" tests="1" failures="0" timestamp="12 Jun 2020 03:31:46 GMT" time="10.772" errors="0">
  <testcase name="addNewCustomer" time="10.772" classname="com.pncbank.TestCases.TC_AddCustomerTest_003"/>
</testsuite> <!-- com.pncbank.TestCases.TC_AddCustomerTest_003 -->
