<?xml version="1.0" encoding="UTF-8"?>
<!-- Generated by org.testng.reporters.JUnitReportReporter -->
<testsuite skipped="0" hostname="DESKTOP-C4GOGT3" name="com.pncbank.TestCases.TC_EditCustomer_002" tests="1" failures="0" timestamp="11 Jun 2020 03:32:28 GMT" time="13.794" errors="0">
  <testcase name="editTestCase" time="13.794" classname="com.pncbank.TestCases.TC_EditCustomer_002"/>
</testsuite> <!-- com.pncbank.TestCases.TC_EditCustomer_002 -->
