<?xml version="1.0" encoding="UTF-8"?>
<!-- Generated by org.testng.reporters.JUnitReportReporter -->
<testsuite skipped="0" hostname="DESKTOP-C4GOGT3" name="com.pncbank.TestCases.TC_MiniStatementForm_009" tests="1" failures="0" timestamp="21 Jun 2020 15:54:18 GMT" time="8.950" errors="0">
  <testcase name="MiniStatement" time="8.950" classname="com.pncbank.TestCases.TC_MiniStatementForm_009"/>
</testsuite> <!-- com.pncbank.TestCases.TC_MiniStatementForm_009 -->
