<?xml version="1.0" encoding="UTF-8"?>
<!-- Generated by org.testng.reporters.JUnitReportReporter -->
<testsuite skipped="0" hostname="DESKTOP-C4GOGT3" name="com.pncbank.TestCases.TC_NewAccountTest_005" tests="1" failures="0" timestamp="11 Jun 2020 04:00:36 GMT" time="8.627" errors="0">
  <testcase name="NewAccountTest" time="8.627" classname="com.pncbank.TestCases.TC_NewAccountTest_005"/>
</testsuite> <!-- com.pncbank.TestCases.TC_NewAccountTest_005 -->
