<?xml version="1.0" encoding="UTF-8"?>
<!-- Generated by org.testng.reporters.JUnitReportReporter -->
<testsuite skipped="0" hostname="DESKTOP-C4GOGT3" name="com.pncbank.TestCases.TC_LoginTest_001" tests="1" failures="0" timestamp="11 Jun 2020 03:32:28 GMT" time="4.329" errors="0">
  <testcase name="loginTest" time="4.329" classname="com.pncbank.TestCases.TC_LoginTest_001"/>
</testsuite> <!-- com.pncbank.TestCases.TC_LoginTest_001 -->
