<?xml version="1.0" encoding="UTF-8"?>
<!-- Generated by org.testng.reporters.JUnitReportReporter -->
<testsuite skipped="0" hostname="DESKTOP-C4GOGT3" name="com.pncbank.TestCases.TC_BalanceEnqueryTest_008" tests="1" failures="0" timestamp="21 Jun 2020 15:54:18 GMT" time="8.956" errors="0">
  <testcase name="BalanceEnqueryTestCase" time="8.956" classname="com.pncbank.TestCases.TC_BalanceEnqueryTest_008"/>
</testsuite> <!-- com.pncbank.TestCases.TC_BalanceEnqueryTest_008 -->
