<?xml version="1.0" encoding="UTF-8"?>
<!-- Generated by org.testng.reporters.JUnitReportReporter -->
<testsuite skipped="0" hostname="DESKTOP-C4GOGT3" name="com.pncbank.TestCases.TC_EditCustomer_002" tests="1" failures="0" timestamp="2020-05-09T23:20:05 EDT" time="12.607" errors="0">
  <testcase name="editTestCase" time="12.607" classname="com.pncbank.TestCases.TC_EditCustomer_002"/>
  <system-out/>
</testsuite> <!-- com.pncbank.TestCases.TC_EditCustomer_002 -->
