<?xml version="1.0" encoding="UTF-8"?>
<!-- Generated by org.testng.reporters.JUnitReportReporter -->
<testsuite skipped="0" hostname="DESKTOP-C4GOGT3" name="com.pncbank.TestCases.TC_EditCustomer_002" tests="1" failures="0" timestamp="21 Jun 2020 15:54:17 GMT" time="11.680" errors="0">
  <testcase name="editTestCase" time="11.680" classname="com.pncbank.TestCases.TC_EditCustomer_002"/>
</testsuite> <!-- com.pncbank.TestCases.TC_EditCustomer_002 -->
