<?xml version="1.0" encoding="UTF-8"?>
<!-- Generated by org.testng.reporters.JUnitReportReporter -->
<testsuite skipped="0" hostname="DESKTOP-C4GOGT3" name="com.pncbank.TestCases.TC_ChangePasswordTest_007" tests="1" failures="0" timestamp="21 Jun 2020 15:54:17 GMT" time="8.592" errors="0">
  <testcase name="ChangepasswordTestCase" time="8.592" classname="com.pncbank.TestCases.TC_ChangePasswordTest_007"/>
</testsuite> <!-- com.pncbank.TestCases.TC_ChangePasswordTest_007 -->
