<?xml version="1.0" encoding="UTF-8"?>
<!-- Generated by org.testng.reporters.JUnitReportReporter -->
<testsuite skipped="0" hostname="DESKTOP-C4GOGT3" name="com.pncbank.TestCases.TC_AddCustomerTest_003" tests="1" failures="0" timestamp="21 Jun 2020 15:54:18 GMT" time="10.421" errors="0">
  <testcase name="addNewCustomer" time="10.421" classname="com.pncbank.TestCases.TC_AddCustomerTest_003"/>
</testsuite> <!-- com.pncbank.TestCases.TC_AddCustomerTest_003 -->
