<?xml version="1.0" encoding="UTF-8"?>
<!-- Generated by org.testng.reporters.JUnitReportReporter -->
<testsuite skipped="0" hostname="DESKTOP-C4GOGT3" name="com.pncbank.TestCases.TC_DeleteCustomerPage_004" tests="1" failures="0" timestamp="2020-05-09T20:53:55 EDT" time="12.978" errors="0">
  <testcase name="DeleteTestCase" time="12.978" classname="com.pncbank.TestCases.TC_DeleteCustomerPage_004"/>
  <system-out/>
</testsuite> <!-- com.pncbank.TestCases.TC_DeleteCustomerPage_004 -->
