<?xml version="1.0" encoding="UTF-8"?>
<!-- Generated by org.testng.reporters.JUnitReportReporter -->
<testsuite skipped="0" hostname="DESKTOP-C4GOGT3" name="com.pncbank.TestCases.TC_LoginTest_001" tests="1" failures="0" timestamp="2020-05-09T20:32:50 EDT" time="4.809" errors="0">
  <testcase name="loginTest" time="4.809" classname="com.pncbank.TestCases.TC_LoginTest_001"/>
  <system-out/>
</testsuite> <!-- com.pncbank.TestCases.TC_LoginTest_001 -->
