<?xml version="1.0" encoding="UTF-8"?>
<!-- Generated by org.testng.reporters.JUnitReportReporter -->
<testsuite skipped="0" hostname="DESKTOP-C4GOGT3" name="com.pncbank.TestCases.TC_DeleteCustomerPage_004" tests="1" failures="0" timestamp="07 Jun 2020 02:45:33 GMT" time="11.814" errors="0">
  <testcase name="DeleteTestCase" time="11.814" classname="com.pncbank.TestCases.TC_DeleteCustomerPage_004"/>
</testsuite> <!-- com.pncbank.TestCases.TC_DeleteCustomerPage_004 -->
