<?xml version="1.0" encoding="UTF-8"?>
<!-- Generated by org.testng.reporters.JUnitReportReporter -->
<testsuite skipped="0" hostname="DESKTOP-C4GOGT3" name="com.pncbank.TestCases.TC_AddCustomerTest_003" tests="1" failures="0" timestamp="2020-05-09T23:20:32 EDT" time="11.764" errors="0">
  <testcase name="addNewCustomer" time="11.764" classname="com.pncbank.TestCases.TC_AddCustomerTest_003"/>
  <system-out/>
</testsuite> <!-- com.pncbank.TestCases.TC_AddCustomerTest_003 -->
